<?xml version="1.0" encoding="UTF-8"?>
<!-- Generated by org.testng.reporters.JUnitXMLReporter -->
<testsuite hostname="DESKTOP-UERLTF0" ignored="0" name="LoginTest" tests="2" failures="0" timestamp="2022-03-26T03:49:18 IST" time="0.085" errors="0">
  <testcase name="@BeforeClass Start_Test_Session" time="-1.648246758453E9" classname="com.kaiahealth.automationtask.Tests.LoginTests">
    <failure type="org.testng.TestNGException" message="
Can inject only one of &amp;lt;ITestContext, XmlTest&amp;gt; into a @BeforeClass annotated Start_Test_Session.
For more information on native dependency injection please refer to https://testng.org/doc/documentation-main.html#native-dependency-injection">
      <![CDATA[org.testng.TestNGException: 
Can inject only one of <ITestContext, XmlTest> into a @BeforeClass annotated Start_Test_Session.
For more information on native dependency injection please refer to https://testng.org/doc/documentation-main.html#native-dependency-injection
at java.util.ArrayList.forEach(ArrayList.java:1259)
... Removed 22 stack frames]]>
    </failure>
  </testcase> <!-- @BeforeClass Start_Test_Session -->
  <testcase name="@BeforeMethod handleTestMethodName" time="-1.648246758484E9" classname="com.kaiahealth.automationtask.Tests.LoginTests">
    <skipped/>
  </testcase> <!-- @BeforeMethod handleTestMethodName -->
  <testcase name="Test01_Navigate_To_LoginForm" time="0.0" classname="com.kaiahealth.automationtask.Tests.LoginTests">
    <skipped/>
  </testcase> <!-- Test01_Navigate_To_LoginForm -->
  <testcase name="Test02_Login_With_ValidUser" time="0.0" classname="com.kaiahealth.automationtask.Tests.LoginTests">
    <skipped/>
  </testcase> <!-- Test02_Login_With_ValidUser -->
</testsuite> <!-- LoginTest -->
